9:38:34 : [INFO] : DownloadFile | Start Download File
9:38:34 : [INFO] : DownloadFile | POST Request was sent...
9:39:7 : [INFO] : DownloadFile | Response from POST Request was receveid
9:39:7 : [INFO] : DownloadFile | Create new file into: /home/roberta/go/src/squad-3-aceleradev-fs-florianopolis/interfaces/files/download/Transparencia-07-16-2019.zip
9:39:14 : [INFO] : DownloadFile | Writing Response File into New Empty File
9:39:14 : [INFO] : DownloadAndExtractFile | Files are the same. New file was removed.
9:39:14 : [INFO] : openFileCSV | Opening file: /home/roberta/go/src/squad-3-aceleradev-fs-florianopolis/interfaces/files/download/remuneracao.txt
9:39:14 : [INFO] : openFileCSV | Reading file...
10:3:29 : [INFO] : DownloadFile | Start Download File
10:3:29 : [INFO] : DownloadFile | POST Request was sent...
10:4:16 : [INFO] : DownloadFile | Response from POST Request was receveid
10:4:16 : [INFO] : DownloadFile | Create new file into: /home/roberta/go/src/squad-3-aceleradev-fs-florianopolis/interfaces/files/download/Transparencia-07-16-2019.zip
10:4:22 : [INFO] : DownloadFile | Writing Response File into New Empty File
10:4:23 : [INFO] : DownloadAndExtractFile | Files are the same. New file was removed.
10:4:23 : [INFO] : openFileCSV | Opening file: /home/roberta/go/src/squad-3-aceleradev-fs-florianopolis/interfaces/files/download/remuneracao.txt
10:4:23 : [INFO] : openFileCSV | Reading file...
10:6:7 : [INFO] : DownloadFile | Start Download File
10:6:7 : [INFO] : DownloadFile | POST Request was sent...
10:7:30 : [INFO] : DownloadFile | Response from POST Request was receveid
10:7:30 : [INFO] : DownloadFile | Create new file into: /home/roberta/go/src/squad-3-aceleradev-fs-florianopolis/interfaces/files/download/Transparencia-07-16-2019.zip
10:7:41 : [INFO] : DownloadFile | Writing Response File into New Empty File
10:7:41 : [INFO] : DownloadAndExtractFile | Files are the same. New file was removed.
10:7:41 : [INFO] : openFileCSV | Opening file: /home/roberta/go/src/squad-3-aceleradev-fs-florianopolis/interfaces/files/download/remuneracao.txt
10:7:41 : [INFO] : openFileCSV | Reading file...
10:56:32 : [INFO] : DownloadFile | Start Download File
10:56:32 : [INFO] : DownloadFile | POST Request was sent...
10:57:36 : [INFO] : DownloadFile | Response from POST Request was receveid
10:57:36 : [INFO] : DownloadFile | Create new file into: /home/roberta/go/src/squad-3-aceleradev-fs-florianopolis/interfaces/files/download/Transparencia-07-16-2019.zip
10:58:0 : [INFO] : DownloadFile | Writing Response File into New Empty File
10:58:0 : [INFO] : DownloadAndExtractFile | Files are the same. New file was removed.
10:58:0 : [INFO] : openFileCSV | Opening file: /home/roberta/go/src/squad-3-aceleradev-fs-florianopolis/interfaces/files/download/remuneracao.txt
10:58:0 : [INFO] : openFileCSV | Reading file...
11:9:53 : [INFO] : DownloadFile | Start Download File
11:9:53 : [INFO] : DownloadFile | POST Request was sent...
11:10:40 : [INFO] : DownloadFile | Response from POST Request was receveid
11:10:40 : [INFO] : DownloadFile | Create new file into: /home/roberta/go/src/squad-3-aceleradev-fs-florianopolis/interfaces/files/download/Transparencia-07-16-2019.zip
11:10:53 : [INFO] : DownloadFile | Writing Response File into New Empty File
11:10:53 : [INFO] : DownloadAndExtractFile | Files are the same. New file was removed.
11:10:53 : [INFO] : openFileCSV | Opening file: /home/roberta/go/src/squad-3-aceleradev-fs-florianopolis/interfaces/files/download/remuneracao.txt
11:10:53 : [INFO] : openFileCSV | Reading file...
11:12:1 : [INFO] : DownloadFile | Start Download File
11:12:1 : [INFO] : DownloadFile | POST Request was sent...
11:13:54 : [INFO] : DownloadFile | Response from POST Request was receveid
11:13:54 : [INFO] : DownloadFile | Create new file into: /home/roberta/go/src/squad-3-aceleradev-fs-florianopolis/interfaces/files/download/Transparencia-07-16-2019.zip
11:14:44 : [INFO] : DownloadFile | Start Download File
11:14:44 : [INFO] : DownloadFile | The file already exists. Nothing was done
11:14:44 : [INFO] : DownloadAndExtractFile | New file was not downloaded. File was not extract.
11:14:44 : [INFO] : openFileCSV | Opening file: /home/roberta/go/src/squad-3-aceleradev-fs-florianopolis/interfaces/files/download/remuneracao.txt
11:14:44 : [INFO] : openFileCSV | Reading file...
